2023-08-25T09:03:19+00:00 CRITICAL Uncaught Error: Failed opening required '/opt/lampp/htdocs/test/wp-content/plugins/pure-wc-variations-swatches/shortcodes/pure-wc-swatches-shortcodes.php' (include_path='.:/opt/lampp/lib/php') in /opt/lampp/htdocs/test/wp-content/plugins/pure-wc-variations-swatches/pure-wc-variation-swatches.php:69
Stack trace:
#0 /opt/lampp/htdocs/test/wp-admin/includes/plugin.php(2318): include_once()
#1 /opt/lampp/htdocs/test/wp-admin/includes/plugin.php(663): plugin_sandbox_scrape('pure-wc-variati...')
#2 /opt/lampp/htdocs/test/wp-admin/plugins.php(58): activate_plugin('pure-wc-variati...', 'http://localhos...', false)
#3 {main}
  thrown in /opt/lampp/htdocs/test/wp-content/plugins/pure-wc-variations-swatches/pure-wc-variation-swatches.php on line 69

2023-08-25T09:03:24+00:00 CRITICAL Uncaught Error: Failed opening required '/opt/lampp/htdocs/test/wp-content/plugins/pure-wc-variations-swatches/shortcodes/pure-wc-swatches-shortcodes.php' (include_path='.:/opt/lampp/lib/php') in /opt/lampp/htdocs/test/wp-content/plugins/pure-wc-variations-swatches/pure-wc-variation-swatches.php:69
Stack trace:
#0 /opt/lampp/htdocs/test/wp-admin/includes/plugin.php(2318): include_once()
#1 /opt/lampp/htdocs/test/wp-admin/plugins.php(192): plugin_sandbox_scrape('pure-wc-variati...')
#2 {main}
  thrown in /opt/lampp/htdocs/test/wp-content/plugins/pure-wc-variations-swatches/pure-wc-variation-swatches.php on line 69

2023-08-25T09:03:24+00:00 CRITICAL Uncaught Error: Failed opening required '/opt/lampp/htdocs/test/wp-content/plugins/pure-wc-variations-swatches/shortcodes/pure-wc-swatches-shortcodes.php' (include_path='.:/opt/lampp/lib/php') in /opt/lampp/htdocs/test/wp-content/plugins/pure-wc-variations-swatches/pure-wc-variation-swatches.php:69
Stack trace:
#0 /opt/lampp/htdocs/test/wp-admin/includes/plugin.php(2318): include_once()
#1 /opt/lampp/htdocs/test/wp-admin/plugins.php(192): plugin_sandbox_scrape('pure-wc-variati...')
#2 {main}
  thrown in /opt/lampp/htdocs/test/wp-content/plugins/pure-wc-variations-swatches/pure-wc-variation-swatches.php on line 69

2023-08-25T09:03:25+00:00 CRITICAL Uncaught Error: Failed opening required '/opt/lampp/htdocs/test/wp-content/plugins/pure-wc-variations-swatches/shortcodes/pure-wc-swatches-shortcodes.php' (include_path='.:/opt/lampp/lib/php') in /opt/lampp/htdocs/test/wp-content/plugins/pure-wc-variations-swatches/pure-wc-variation-swatches.php:69
Stack trace:
#0 /opt/lampp/htdocs/test/wp-admin/includes/plugin.php(2318): include_once()
#1 /opt/lampp/htdocs/test/wp-admin/includes/plugin.php(663): plugin_sandbox_scrape('pure-wc-variati...')
#2 /opt/lampp/htdocs/test/wp-admin/plugins.php(58): activate_plugin('pure-wc-variati...', 'http://localhos...', false)
#3 {main}
  thrown in /opt/lampp/htdocs/test/wp-content/plugins/pure-wc-variations-swatches/pure-wc-variation-swatches.php on line 69

2023-08-25T09:03:27+00:00 CRITICAL Uncaught Error: Failed opening required '/opt/lampp/htdocs/test/wp-content/plugins/pure-wc-variations-swatches/shortcodes/pure-wc-swatches-shortcodes.php' (include_path='.:/opt/lampp/lib/php') in /opt/lampp/htdocs/test/wp-content/plugins/pure-wc-variations-swatches/pure-wc-variation-swatches.php:69
Stack trace:
#0 /opt/lampp/htdocs/test/wp-admin/includes/plugin.php(2318): include_once()
#1 /opt/lampp/htdocs/test/wp-admin/plugins.php(192): plugin_sandbox_scrape('pure-wc-variati...')
#2 {main}
  thrown in /opt/lampp/htdocs/test/wp-content/plugins/pure-wc-variations-swatches/pure-wc-variation-swatches.php on line 69

2023-08-25T09:03:27+00:00 CRITICAL Uncaught Error: Failed opening required '/opt/lampp/htdocs/test/wp-content/plugins/pure-wc-variations-swatches/shortcodes/pure-wc-swatches-shortcodes.php' (include_path='.:/opt/lampp/lib/php') in /opt/lampp/htdocs/test/wp-content/plugins/pure-wc-variations-swatches/pure-wc-variation-swatches.php:69
Stack trace:
#0 /opt/lampp/htdocs/test/wp-admin/includes/plugin.php(2318): include_once()
#1 /opt/lampp/htdocs/test/wp-admin/plugins.php(192): plugin_sandbox_scrape('pure-wc-variati...')
#2 {main}
  thrown in /opt/lampp/htdocs/test/wp-content/plugins/pure-wc-variations-swatches/pure-wc-variation-swatches.php on line 69

2023-08-25T09:30:43+00:00 CRITICAL Uncaught Error: Failed opening required '/opt/lampp/htdocs/test/wp-content/plugins/avirup-swatches/includes/class-avirup-swatches.php' (include_path='.:/opt/lampp/lib/php') in /opt/lampp/htdocs/test/wp-content/plugins/avirup-swatches/avirup-swatches.php:68
Stack trace:
#0 /opt/lampp/htdocs/test/wp-admin/includes/plugin.php(2318): include_once()
#1 /opt/lampp/htdocs/test/wp-admin/includes/plugin.php(663): plugin_sandbox_scrape('avirup-swatches...')
#2 /opt/lampp/htdocs/test/wp-admin/plugins.php(58): activate_plugin('avirup-swatches...', 'http://localhos...', false)
#3 {main}
  thrown in /opt/lampp/htdocs/test/wp-content/plugins/avirup-swatches/avirup-swatches.php on line 68

2023-08-25T09:30:44+00:00 CRITICAL Uncaught Error: Failed opening required '/opt/lampp/htdocs/test/wp-content/plugins/avirup-swatches/includes/class-avirup-swatches.php' (include_path='.:/opt/lampp/lib/php') in /opt/lampp/htdocs/test/wp-content/plugins/avirup-swatches/avirup-swatches.php:68
Stack trace:
#0 /opt/lampp/htdocs/test/wp-admin/includes/plugin.php(2318): include_once()
#1 /opt/lampp/htdocs/test/wp-admin/plugins.php(192): plugin_sandbox_scrape('avirup-swatches...')
#2 {main}
  thrown in /opt/lampp/htdocs/test/wp-content/plugins/avirup-swatches/avirup-swatches.php on line 68

2023-08-25T09:30:44+00:00 CRITICAL Uncaught Error: Failed opening required '/opt/lampp/htdocs/test/wp-content/plugins/avirup-swatches/includes/class-avirup-swatches.php' (include_path='.:/opt/lampp/lib/php') in /opt/lampp/htdocs/test/wp-content/plugins/avirup-swatches/avirup-swatches.php:68
Stack trace:
#0 /opt/lampp/htdocs/test/wp-admin/includes/plugin.php(2318): include_once()
#1 /opt/lampp/htdocs/test/wp-admin/plugins.php(192): plugin_sandbox_scrape('avirup-swatches...')
#2 {main}
  thrown in /opt/lampp/htdocs/test/wp-content/plugins/avirup-swatches/avirup-swatches.php on line 68

